<?xml version="1.0" encoding="UTF-8"?>
<!-- Generated by org.testng.reporters.JUnitReportReporter -->
<testsuite hostname="DESKTOP-F3186QF" failures="0" tests="5" name="test.TestAutomation" time="41.930" errors="0" timestamp="2019-09-17T23:55:56 ART" skipped="2">
  <testcase classname="test.TestAutomation" name="MessageError" time="14.162"/>
  <testcase classname="test.TestAutomation" name="MessageError" time="13.997"/>
  <testcase classname="test.TestAutomation" name="MessageError" time="13.771"/>
  <testcase classname="test.TestAutomation" name="create_Account">
    <skipped/>
  </testcase> <!-- create_Account -->
  <testcase classname="test.TestAutomation" name="Login_Correcto">
    <skipped/>
  </testcase> <!-- Login_Correcto -->
</testsuite> <!-- test.TestAutomation -->
